==============================================================================
20190910 19:32:15.484 - INFO - + START SUITE: Acceptancetest [ ]
==============================================================================
20190910 19:32:15.518 - INFO - +- START SUITE: Acceptancetest.HelloWorldTests [ ]
==============================================================================
20190910 19:32:15.522 - INFO - +-- START TEST: Say Hello [ ]
------------------------------------------------------------------------------
20190910 19:32:15.525 - INFO - +--- START KW: keywords.CustomKeywords.Greet Everyone [ ]
20190910 19:32:15.529 - INFO - +--- END KW: keywords.CustomKeywords.Greet Everyone (3)
------------------------------------------------------------------------------
20190910 19:32:15.533 - INFO - +-- END TEST: Say Hello (10)
------------------------------------------------------------------------------
20190910 19:32:15.535 - INFO - +-- START TEST: Say Hello In Pig Latin [ ]
------------------------------------------------------------------------------
20190910 19:32:15.537 - INFO - +--- START KW: keywords.CustomKeywords.Reverse Greet Everyone [ ]
20190910 19:32:15.542 - INFO - +--- END KW: keywords.CustomKeywords.Reverse Greet Everyone (4)
------------------------------------------------------------------------------
20190910 19:32:15.547 - INFO - +-- END TEST: Say Hello In Pig Latin (9)
------------------------------------------------------------------------------
20190910 19:32:15.548 - INFO - +-- START TEST: Make Sure You're Saying Hello [ ]
------------------------------------------------------------------------------
20190910 19:32:15.551 - INFO - +--- START KW: keywords.CustomKeywords.Greet Everyone [ ]
20190910 19:32:15.554 - INFO - ${result} = hello world
20190910 19:32:15.556 - INFO - +--- END KW: keywords.CustomKeywords.Greet Everyone (4)
~~~~~~~~~~~~~~~~~~~~~~~~~~~~~~~~~~~~~~~~~~~~~~~~~~~~~~~~~~~~~~~~~~~~~~~~~~~~~~
20190910 19:32:15.561 - INFO - +--- START KW: BuiltIn.Should Be Equal [ ${result} | hello world ]
20190910 19:32:15.566 - INFO - +--- END KW: BuiltIn.Should Be Equal (4)
------------------------------------------------------------------------------
20190910 19:32:15.569 - INFO - +-- END TEST: Make Sure You're Saying Hello (19)
------------------------------------------------------------------------------
20190910 19:32:15.571 - INFO - +-- START TEST: Make A Test That Fails [ ]
------------------------------------------------------------------------------
20190910 19:32:15.576 - INFO - +--- START KW: keywords.CustomKeywords.Reverse Greet Everyone [ ]
20190910 19:32:15.580 - INFO - ${result} = dlrow olleh
20190910 19:32:15.581 - INFO - +--- END KW: keywords.CustomKeywords.Reverse Greet Everyone (5)
~~~~~~~~~~~~~~~~~~~~~~~~~~~~~~~~~~~~~~~~~~~~~~~~~~~~~~~~~~~~~~~~~~~~~~~~~~~~~~
20190910 19:32:15.583 - INFO - +--- START KW: BuiltIn.Should Be Equal [ ${result} | dlrow olleh ]
20190910 19:32:15.589 - INFO - +--- END KW: BuiltIn.Should Be Equal (6)
------------------------------------------------------------------------------
20190910 19:32:15.595 - INFO - +-- END TEST: Make A Test That Fails (22)
------------------------------------------------------------------------------
20190910 19:32:15.602 - INFO - +- END SUITE: Acceptancetest.HelloWorldTests (110)
==============================================================================
20190910 19:32:15.608 - INFO - + END SUITE: Acceptancetest (432)
==============================================================================
